Using pre-set license
Built from '2020.2/staging' branch; Version is '2020.2.5f1 (e2c53f129de5) revision 14861631'; Using compiler version '192528614'; Build Type 'Release'
OS: 'Windows 10 Enterprise LTSC 2019; OS build 17763.2366; Version 1809; 64bit' Language: 'ru' Physical Memory: 8183 MB
BatchMode: 1, IsHumanControllingUs: 0, StartBugReporterOnCrash: 0, Is64bit: 1, IsPro: 0

 COMMAND LINE ARGUMENTS:
C:\Program Files\2020.2.5f1\Editor\Unity.exe
-adb2
-batchMode
-noUpm
-name
AssetImportWorker0
-projectPath
G:/7tam/GitHub/Angry Planet
-logFile
Logs/AssetImportWorker0.log
-srvPort
63828
Successfully changed project path to: G:/7tam/GitHub/Angry Planet
G:/7tam/GitHub/Angry Planet
Using Asset Import Pipeline V2.
Refreshing native plugins compatible for Editor in 39.77 ms, found 0 plugins.
Preloading 0 native plugins for Editor in 0.00 ms.
Initialize engine version: 2020.2.5f1 (e2c53f129de5)
[Subsystems] Discovering subsystems at path C:/Program Files/2020.2.5f1/Editor/Data/Resources/UnitySubsystems
[Subsystems] Discovering subsystems at path G:/7tam/GitHub/Angry Planet/Assets
GfxDevice: creating device client; threaded=0
Direct3D:
    Version:  Direct3D 11.0 [level 11.0]
    Renderer: NVIDIA GeForce GTX 650 Ti BOOST (ID=0x11c2)
    Vendor:   
    VRAM:     1998 MB
    Driver:   27.21.14.5671
Initialize mono
Mono path[0] = 'C:/Program Files/2020.2.5f1/Editor/Data/Managed'
Mono path[1] = 'C:/Program Files/2020.2.5f1/Editor/Data/MonoBleedingEdge/lib/mono/unityjit'
Mono config path = 'C:/Program Files/2020.2.5f1/Editor/Data/MonoBleedingEdge/etc'
Using monoOptions --debugger-agent=transport=dt_socket,embedding=1,server=y,suspend=n,address=127.0.0.1:56840
Begin MonoManager ReloadAssembly
Registering precompiled unity dll's ...
Register platform support module: C:/Program Files/2020.2.5f1/Editor/Data/PlaybackEngines/WindowsStandaloneSupport/UnityEditor.WindowsStandalone.Extensions.dll
Registered in 0.002611 seconds.
Native extension for WindowsStandalone target not found
Refreshing native plugins compatible for Editor in 40.01 ms, found 0 plugins.
Preloading 0 native plugins for Editor in 0.00 ms.
Invoked RoslynAnalysisRunner static constructor.
RoslynAnalysisRunner will not be running.
RoslynAnalysisRunner has terminated.
Mono: successfully reloaded assembly
- Completed reload, in  3.429 seconds
Platform modules already initialized, skipping
Registering precompiled user dll's ...
Registered in 0.000757 seconds.
Begin MonoManager ReloadAssembly
Native extension for WindowsStandalone target not found
Refreshing native plugins compatible for Editor in 0.32 ms, found 0 plugins.
Preloading 0 native plugins for Editor in 0.00 ms.
Invoked RoslynAnalysisRunner static constructor.
RoslynAnalysisRunner will not be running.
RoslynAnalysisRunner has terminated.
Mono: successfully reloaded assembly
- Completed reload, in  1.412 seconds
Platform modules already initialized, skipping
========================================================================
Worker process is ready to serve import requests
Launched and connected shader compiler UnityShaderCompiler.exe after 0.06 seconds
Refreshing native plugins compatible for Editor in 0.31 ms, found 0 plugins.
Preloading 0 native plugins for Editor in 0.00 ms.
Unloading 1103 Unused Serialized files (Serialized files now loaded: 0)
System memory in use before: 56.6 MB.
System memory in use after: 56.7 MB.

Unloading 10 unused Assets to reduce memory usage. Loaded Objects now: 1544.
Total: 2.843900 ms (FindLiveObjects: 0.273800 ms CreateObjectMapping: 0.098400 ms MarkObjects: 2.346500 ms  DeleteObjects: 0.122800 ms)

========================================================================
Received Import Request.
  path: Assets
  artifactKey: Guid(00000000000000001000000000000000) Importer(815301076,1909f56bfc062723c751e8b465ee728b)
Start importing Assets using Guid(00000000000000001000000000000000) Importer(815301076,1909f56bfc062723c751e8b465ee728b)  -> (artifact id: '29f2a2471e7245fbc0aa931fa5cf45b7') in 0.018429 seconds
  Import took 0.021097 seconds .

========================================================================
Received Import Request.
  Time since last request: 0.441872 seconds.
  path: Assets/Materials
  artifactKey: Guid(5c4024c358287e14ebddabda01442a9e) Importer(815301076,1909f56bfc062723c751e8b465ee728b)
Start importing Assets/Materials using Guid(5c4024c358287e14ebddabda01442a9e) Importer(815301076,1909f56bfc062723c751e8b465ee728b)  -> (artifact id: '165aad77caae2c569a031a49b0cd899e') in 0.011968 seconds
  Import took 0.014754 seconds .

========================================================================
Received Import Request.
  Time since last request: 11.893086 seconds.
  path: Assets/Materials/Planet_1_Material.mat
  artifactKey: Guid(2d63ef04086dae343963184067e61000) Importer(815301076,1909f56bfc062723c751e8b465ee728b)
Start importing Assets/Materials/Planet_1_Material.mat using Guid(2d63ef04086dae343963184067e61000) Importer(815301076,1909f56bfc062723c751e8b465ee728b)  -> (artifact id: 'e48a53f699d6b5aec741f0826d79890b') in 0.174940 seconds
  Import took 0.184517 seconds .

========================================================================
Received Import Request.
  Time since last request: 951.684278 seconds.
  path: Assets/Script
  artifactKey: Guid(13244c5f2e7abe948944d42ae585e2c0) Importer(815301076,1909f56bfc062723c751e8b465ee728b)
Start importing Assets/Script using Guid(13244c5f2e7abe948944d42ae585e2c0) Importer(815301076,1909f56bfc062723c751e8b465ee728b)  -> (artifact id: '17285523e5a133b3ca6310708f28261b') in 0.008665 seconds
  Import took 0.012081 seconds .

========================================================================
Received Import Request.
  Time since last request: 0.003986 seconds.
  path: Assets/Script
  artifactKey: Guid(13244c5f2e7abe948944d42ae585e2c0) Importer(815301076,1909f56bfc062723c751e8b465ee728b)
Start importing Assets/Script using Guid(13244c5f2e7abe948944d42ae585e2c0) Importer(815301076,1909f56bfc062723c751e8b465ee728b)  -> (artifact id: '17285523e5a133b3ca6310708f28261b') in 0.002713 seconds
  Import took 0.005791 seconds .

========================================================================
Received Import Request.
  Time since last request: 12.302173 seconds.
  path: Assets/Script/Attractor.cs
  artifactKey: Guid(7246691ab61658e479822c2100142b9c) Importer(815301076,1909f56bfc062723c751e8b465ee728b)
Start importing Assets/Script/Attractor.cs using Guid(7246691ab61658e479822c2100142b9c) Importer(815301076,1909f56bfc062723c751e8b465ee728b)  -> (artifact id: '80c320130df147fa5b5822bf9e85a432') in 0.024720 seconds
  Import took 0.039258 seconds .

========================================================================
Received Prepare
Registering precompiled user dll's ...
Registered in 0.000809 seconds.
Begin MonoManager ReloadAssembly
Native extension for WindowsStandalone target not found
Refreshing native plugins compatible for Editor in 0.31 ms, found 0 plugins.
Preloading 0 native plugins for Editor in 0.00 ms.
Invoked RoslynAnalysisRunner static constructor.
RoslynAnalysisRunner will not be running.
RoslynAnalysisRunner has terminated.
Mono: successfully reloaded assembly
- Completed reload, in  1.338 seconds
Platform modules already initialized, skipping
Refreshing native plugins compatible for Editor in 0.32 ms, found 0 plugins.
Preloading 0 native plugins for Editor in 0.00 ms.
Unloading 1099 Unused Serialized files (Serialized files now loaded: 0)
System memory in use before: 59.9 MB.
System memory in use after: 60.0 MB.

Unloading 5 unused Assets to reduce memory usage. Loaded Objects now: 1587.
Total: 2.630300 ms (FindLiveObjects: 0.171000 ms CreateObjectMapping: 0.070200 ms MarkObjects: 2.309800 ms  DeleteObjects: 0.077500 ms)

========================================================================
Received Prepare
Registering precompiled user dll's ...
Registered in 0.000841 seconds.
Begin MonoManager ReloadAssembly
Native extension for WindowsStandalone target not found
Refreshing native plugins compatible for Editor in 0.32 ms, found 0 plugins.
Preloading 0 native plugins for Editor in 0.00 ms.
Invoked RoslynAnalysisRunner static constructor.
RoslynAnalysisRunner will not be running.
RoslynAnalysisRunner has terminated.
Mono: successfully reloaded assembly
- Completed reload, in  1.365 seconds
Platform modules already initialized, skipping
Refreshing native plugins compatible for Editor in 0.32 ms, found 0 plugins.
Preloading 0 native plugins for Editor in 0.00 ms.
Unloading 1099 Unused Serialized files (Serialized files now loaded: 0)
System memory in use before: 59.9 MB.
System memory in use after: 60.0 MB.

Unloading 5 unused Assets to reduce memory usage. Loaded Objects now: 1589.
Total: 2.873900 ms (FindLiveObjects: 0.279800 ms CreateObjectMapping: 0.073200 ms MarkObjects: 2.439700 ms  DeleteObjects: 0.078900 ms)

========================================================================
Received Import Request.
  Time since last request: 814.735876 seconds.
  path: Assets/Prefabs
  artifactKey: Guid(2643b571375e0f54e8bf92c1aaa2092c) Importer(815301076,1909f56bfc062723c751e8b465ee728b)
Start importing Assets/Prefabs using Guid(2643b571375e0f54e8bf92c1aaa2092c) Importer(815301076,1909f56bfc062723c751e8b465ee728b)  -> (artifact id: '6106f9acd8ccfb4a2149a652f0ae9c3e') in 0.011371 seconds
  Import took 0.014344 seconds .

========================================================================
Received Import Request.
  Time since last request: 0.006975 seconds.
  path: Assets/Prefabs
  artifactKey: Guid(2643b571375e0f54e8bf92c1aaa2092c) Importer(815301076,1909f56bfc062723c751e8b465ee728b)
Start importing Assets/Prefabs using Guid(2643b571375e0f54e8bf92c1aaa2092c) Importer(815301076,1909f56bfc062723c751e8b465ee728b)  -> (artifact id: '6106f9acd8ccfb4a2149a652f0ae9c3e') in 0.002321 seconds
  Import took 0.005226 seconds .

========================================================================
Received Import Request.
  Time since last request: 3.760383 seconds.
  path: Assets/Prefabs/Planet_1.prefab
  artifactKey: Guid(99dc3362151b4aa4994b03ad2c2f9b5c) Importer(815301076,1909f56bfc062723c751e8b465ee728b)
Start importing Assets/Prefabs/Planet_1.prefab using Guid(99dc3362151b4aa4994b03ad2c2f9b5c) Importer(815301076,1909f56bfc062723c751e8b465ee728b)  -> (artifact id: 'd61ee6d85ce517fcc1238e2a89e38494') in 0.101439 seconds
  Import took 0.104997 seconds .

========================================================================
Received Import Request.
  Time since last request: 0.011456 seconds.
  path: Assets/Prefabs/Planet_1.prefab
  artifactKey: Guid(99dc3362151b4aa4994b03ad2c2f9b5c) Importer(815301076,1909f56bfc062723c751e8b465ee728b)
Start importing Assets/Prefabs/Planet_1.prefab using Guid(99dc3362151b4aa4994b03ad2c2f9b5c) Importer(815301076,1909f56bfc062723c751e8b465ee728b)  -> (artifact id: 'd61ee6d85ce517fcc1238e2a89e38494') in 0.010205 seconds
  Import took 0.013126 seconds .

========================================================================
Received Import Request.
  Time since last request: 1.694664 seconds.
  path: Assets/Prefabs/Planet_2.prefab
  artifactKey: Guid(6dfbba50b4fc05945ad7b3cda158e060) Importer(815301076,1909f56bfc062723c751e8b465ee728b)
Start importing Assets/Prefabs/Planet_2.prefab using Guid(6dfbba50b4fc05945ad7b3cda158e060) Importer(815301076,1909f56bfc062723c751e8b465ee728b)  -> (artifact id: '4486450aefac0a9ece17306781941aed') in 0.017091 seconds
  Import took 0.020427 seconds .

========================================================================
Received Prepare
Registering precompiled user dll's ...
Registered in 0.000847 seconds.
Begin MonoManager ReloadAssembly
Native extension for WindowsStandalone target not found
Refreshing native plugins compatible for Editor in 0.31 ms, found 0 plugins.
Preloading 0 native plugins for Editor in 0.00 ms.
Invoked RoslynAnalysisRunner static constructor.
RoslynAnalysisRunner will not be running.
RoslynAnalysisRunner has terminated.
Mono: successfully reloaded assembly
- Completed reload, in  1.339 seconds
Platform modules already initialized, skipping
Refreshing native plugins compatible for Editor in 0.31 ms, found 0 plugins.
Preloading 0 native plugins for Editor in 0.00 ms.
Unloading 1099 Unused Serialized files (Serialized files now loaded: 0)
System memory in use before: 60.0 MB.
System memory in use after: 60.1 MB.

Unloading 5 unused Assets to reduce memory usage. Loaded Objects now: 1593.
Total: 2.600300 ms (FindLiveObjects: 0.174000 ms CreateObjectMapping: 0.069900 ms MarkObjects: 2.281900 ms  DeleteObjects: 0.072700 ms)

========================================================================
Received Prepare
Registering precompiled user dll's ...
Registered in 0.000910 seconds.
Begin MonoManager ReloadAssembly
Native extension for WindowsStandalone target not found
Refreshing native plugins compatible for Editor in 0.32 ms, found 0 plugins.
Preloading 0 native plugins for Editor in 0.00 ms.
Invoked RoslynAnalysisRunner static constructor.
RoslynAnalysisRunner will not be running.
RoslynAnalysisRunner has terminated.
Mono: successfully reloaded assembly
- Completed reload, in  1.291 seconds
Platform modules already initialized, skipping
Refreshing native plugins compatible for Editor in 0.31 ms, found 0 plugins.
Preloading 0 native plugins for Editor in 0.00 ms.
Unloading 1099 Unused Serialized files (Serialized files now loaded: 0)
System memory in use before: 60.0 MB.
System memory in use after: 60.1 MB.

Unloading 5 unused Assets to reduce memory usage. Loaded Objects now: 1595.
Total: 2.510900 ms (FindLiveObjects: 0.228700 ms CreateObjectMapping: 0.073300 ms MarkObjects: 2.129900 ms  DeleteObjects: 0.076700 ms)

========================================================================
Received Prepare
Registering precompiled user dll's ...
Registered in 0.000858 seconds.
Begin MonoManager ReloadAssembly
Native extension for WindowsStandalone target not found
Refreshing native plugins compatible for Editor in 0.33 ms, found 0 plugins.
Preloading 0 native plugins for Editor in 0.00 ms.
Invoked RoslynAnalysisRunner static constructor.
RoslynAnalysisRunner will not be running.
RoslynAnalysisRunner has terminated.
Mono: successfully reloaded assembly
- Completed reload, in  1.295 seconds
Platform modules already initialized, skipping
Refreshing native plugins compatible for Editor in 0.31 ms, found 0 plugins.
Preloading 0 native plugins for Editor in 0.00 ms.
Unloading 1099 Unused Serialized files (Serialized files now loaded: 0)
System memory in use before: 60.1 MB.
System memory in use after: 60.2 MB.

Unloading 5 unused Assets to reduce memory usage. Loaded Objects now: 1597.
Total: 2.583000 ms (FindLiveObjects: 0.209500 ms CreateObjectMapping: 0.072200 ms MarkObjects: 2.225200 ms  DeleteObjects: 0.074300 ms)

========================================================================
Received Prepare
Registering precompiled user dll's ...
Registered in 0.001211 seconds.
Begin MonoManager ReloadAssembly
Native extension for WindowsStandalone target not found
Refreshing native plugins compatible for Editor in 0.32 ms, found 0 plugins.
Preloading 0 native plugins for Editor in 0.00 ms.
Invoked RoslynAnalysisRunner static constructor.
RoslynAnalysisRunner will not be running.
RoslynAnalysisRunner has terminated.
Mono: successfully reloaded assembly
- Completed reload, in  1.438 seconds
Platform modules already initialized, skipping
Refreshing native plugins compatible for Editor in 0.31 ms, found 0 plugins.
Preloading 0 native plugins for Editor in 0.00 ms.
Unloading 1099 Unused Serialized files (Serialized files now loaded: 0)
System memory in use before: 60.1 MB.
System memory in use after: 60.2 MB.

Unloading 5 unused Assets to reduce memory usage. Loaded Objects now: 1599.
Total: 2.592300 ms (FindLiveObjects: 0.269800 ms CreateObjectMapping: 0.084000 ms MarkObjects: 2.139000 ms  DeleteObjects: 0.097400 ms)

